Array
(
    [student_divisor] => 0
    [student_reason] => not_applicable
    [evaluation_period] => Array
        (
            [0] => AY 2019-2020
            [1] => AY 2020-2021
            [2] => AY 2021-2022
            [3] => AY 2022-2023
        )

    [student_rating_1] => Array
        (
            [0] => 50
            [1] => 50
            [2] => 60
            [3] => 50
        )

    [student_rating_2] => Array
        (
            [0] => 50
            [1] => 50
            [2] => 60
            [3] => 50
        )

    [student_evidence_link] => Array
        (
            [0] => http://sdgfsg.com/asdfsg
            [1] => http://sdgfsg.com/asdfsg
            [2] => http://sdgfsg.com/asdfsg
            [3] => http://sdgfsg.com/asdfsg
        )

    [student_remarks] => Array
        (
            [0] => 
            [1] => 
            [2] => 
            [3] => 
        )

    [student_overall_score] => 52.50
    [faculty_overall_score] => 18.90
    [supervisor_divisor] => 0
    [supervisor_reason] => not_applicable
    [supervisor_evaluation_period] => Array
        (
            [0] => AY 2019-2020
            [1] => AY 2020-2021
            [2] => AY 2021-2022
            [3] => AY 2022-2023
            [4] => AY 2023-2024
        )

    [supervisor_rating_1] => Array
        (
            [0] => 55
            [1] => 55
            [2] => 55
            [3] => 60
            [4] => 60
        )

    [supervisor_rating_2] => Array
        (
            [0] => 55
            [1] => 55
            [2] => 55
            [3] => 60
            [4] => 59
        )

    [supervisor_evidence_link] => Array
        (
            [0] => http://sdgfsg.com/asdfsg
            [1] => http://sdgfsg.com/asdfsg
            [2] => http://sdgfsg.com/asdfsg
            [3] => http://sdgfsg.com/asdfsg
            [4] => http://sdgfsg.com/asdfsg
        )

    [supervisor_overall_score] => 56.90
    [supervisor_faculty_overall_score] => 22.76
    [request_id] => 6
)
